<?xml version="1.0" encoding="UTF-8"?>
<robot generator="Robot 4.1.3 (Python 3.7.5 on darwin)" generated="20220224 20:43:29.274" rpa="false" schemaversion="2">
<suite id="s1" name="Robot Interactive Console" source="/Users/tim/.vscode/extensions/robocorp.robotframework-lsp-0.41.0/src/robotframework_ls/vendored/robotframework_interactive/robot_interactive_console.robot">
<test id="s1-t1" name="Default Task/Test">
<kw name="Interpreter Main Loop" library="MainLoop">
<kw name="Authenticate to Salesforce">
<msg timestamp="20220224 20:43:29.994" level="FAIL">No keyword with name 'Authenticate to Salesforce' found.</msg>
<status status="FAIL" starttime="20220224 20:43:29.994" endtime="20220224 20:43:29.994"/>
</kw>
<status status="PASS" starttime="20220224 20:43:29.302" endtime="20220224 20:43:32.241"/>
</kw>
<status status="PASS" starttime="20220224 20:43:29.301" endtime="20220224 20:43:32.241"/>
</test>
<status status="PASS" starttime="20220224 20:43:29.275" endtime="20220224 20:43:32.243"/>
</suite>
<statistics>
<total>
<stat pass="1" fail="0" skip="0">All Tests</stat>
</total>
<tag>
</tag>
<suite>
<stat pass="1" fail="0" skip="0" id="s1" name="Robot Interactive Console">Robot Interactive Console</stat>
</suite>
</statistics>
<errors>
</errors>
</robot>
